\BOOKMARK [0][-]{chapter.1}{\376\377\173\054\116\000\172\340\000\040\000\040\121\145\225\350\143\007\137\025}{}% 1
\BOOKMARK [1][-]{section.1.1}{\376\377\0001\000.\0001\000\040\143\247\122\066\123\360}{chapter.1}% 2
\BOOKMARK [1][-]{section.1.2}{\376\377\0001\000.\0002\000\040\176\310\172\357}{chapter.1}% 3
\BOOKMARK [1][-]{section.1.3}{\376\377\0001\000.\0003\000\040\176\310\172\357\152\041\142\337\126\150}{chapter.1}% 4
\BOOKMARK [2][-]{subsection.1.3.1}{\376\377\0001\000.\0003\000.\0001\000\040\000L\000i\000n\000u\000x}{section.1.3}% 5
\BOOKMARK [2][-]{subsection.1.3.2}{\376\377\0001\000.\0003\000.\0002\000\040\000m\000a\000c\000O\000S}{section.1.3}% 6
\BOOKMARK [2][-]{subsection.1.3.3}{\376\377\0001\000.\0003\000.\0003\000\040\000W\000i\000n\000d\000o\000w\000s}{section.1.3}% 7
\BOOKMARK [1][-]{section.1.4}{\376\377\0001\000.\0004\000\040\000S\000h\000e\000l\000l}{chapter.1}% 8
\BOOKMARK [2][-]{subsection.1.4.1}{\376\377\0001\000.\0004\000.\0001\000\040\000s\000h}{section.1.4}% 9
\BOOKMARK [2][-]{subsection.1.4.2}{\376\377\0001\000.\0004\000.\0002\000\040\000c\000s\000h}{section.1.4}% 10
\BOOKMARK [2][-]{subsection.1.4.3}{\376\377\0001\000.\0004\000.\0003\000\040\000k\000s\000h}{section.1.4}% 11
\BOOKMARK [2][-]{subsection.1.4.4}{\376\377\0001\000.\0004\000.\0004\000\040\000b\000a\000s\000h}{section.1.4}% 12
\BOOKMARK [2][-]{subsection.1.4.5}{\376\377\0001\000.\0004\000.\0005\000\040\000z\000s\000h}{section.1.4}% 13
\BOOKMARK [1][-]{section.1.5}{\376\377\0001\000.\0005\000\040\124\175\116\344\210\114\165\114\227\142}{chapter.1}% 14
\BOOKMARK [2][-]{subsection.1.5.1}{\376\377\0001\000.\0005\000.\0001\000\040\122\237\200\375\137\072\131\047}{section.1.5}% 15
\BOOKMARK [2][-]{subsection.1.5.2}{\376\377\0001\000.\0005\000.\0002\000\040\160\165\155\073\232\330\145\110}{section.1.5}% 16
\BOOKMARK [2][-]{subsection.1.5.3}{\376\377\0001\000.\0005\000.\0003\000\040\200\375\201\352\122\250\123\026}{section.1.5}% 17
\BOOKMARK [1][-]{section.1.6}{\376\377\0001\000.\0006\000\040\131\202\117\125\217\333\121\145\124\175\116\344\210\114}{chapter.1}% 18
\BOOKMARK [2][-]{subsection.1.6.1}{\376\377\0001\000.\0006\000.\0001\000\040\220\032\217\307\143\247\122\066\123\360\217\333\121\145\124\175\116\344\210\114}{section.1.6}% 19
\BOOKMARK [2][-]{subsection.1.6.2}{\376\377\0001\000.\0006\000.\0002\000\040\220\032\217\307\176\310\172\357\152\041\142\337\126\150\217\333\121\145\124\175\116\344\210\114}{section.1.6}% 20
\BOOKMARK [1][-]{section.1.7}{\376\377\0001\000.\0007\000\040\117\140\131\175\377\014\124\175\116\344\210\114}{chapter.1}% 21
\BOOKMARK [0][-]{chapter.2}{\376\377\173\054\116\214\172\340\000\040\000\040\171\136\131\107\210\145\121\150}{}% 22
\BOOKMARK [1][-]{section.2.1}{\376\377\0002\000.\0001\000\040\117\125\214\023\210\145\121\150}{chapter.2}% 23
\BOOKMARK [1][-]{section.2.2}{\376\377\0002\000.\0002\000\040\210\145\121\150\211\346\123\321\143\011\225\056}{chapter.2}% 24
\BOOKMARK [1][-]{section.2.3}{\376\377\0002\000.\0003\000\040\145\207\116\366\124\015\060\001\215\357\137\204\124\015\210\145\121\150}{chapter.2}% 25
\BOOKMARK [1][-]{section.2.4}{\376\377\0002\000.\0004\000\040\172\013\136\217\124\015\060\001\124\175\116\344\124\015\210\145\121\150}{chapter.2}% 26
\BOOKMARK [2][-]{subsection.2.4.1}{\376\377\0002\000.\0004\000.\0001\000\040\000Z\000s\000h\000\040\201\352\122\250\136\372\213\256\143\322\116\366}{section.2.4}% 27
\BOOKMARK [1][-]{section.2.5}{\376\377\0002\000.\0005\000\040\165\050\142\067\124\015\060\001\116\073\147\072\124\015\123\312\123\330\221\317\124\015\210\145\121\150}{chapter.2}% 28
\BOOKMARK [1][-]{section.2.6}{\376\377\0002\000.\0006\000\040\123\357\177\026\172\013\210\145\121\150}{chapter.2}% 29
\BOOKMARK [2][-]{subsection.2.6.1}{\376\377\0002\000.\0006\000.\0001\000\040\000b\000a\000s\000h\000\040\171\072\117\213}{section.2.6}% 30
\BOOKMARK [2][-]{subsection.2.6.2}{\376\377\0002\000.\0006\000.\0002\000\040\000z\000s\000h\000\040\171\072\117\213}{section.2.6}% 31
\BOOKMARK [0][-]{chapter.3}{\376\377\173\054\116\011\172\340\000\040\000\040\221\315\156\051\123\206\123\362}{}% 32
\BOOKMARK [1][-]{section.3.1}{\376\377\0003\000.\0001\000\040\213\276\177\156\123\206\123\362\123\330\221\317}{chapter.3}% 33
\BOOKMARK [1][-]{section.3.2}{\376\377\0003\000.\0002\000\040\147\345\167\013\123\206\123\362\124\175\116\344}{chapter.3}% 34
\BOOKMARK [1][-]{section.3.3}{\376\377\0003\000.\0003\000\040\144\034\175\042\123\206\123\362\124\175\116\344}{chapter.3}% 35
\BOOKMARK [1][-]{section.3.4}{\376\377\0003\000.\0004\000\040\122\115\124\016\171\373\122\250\123\206\123\362\124\175\116\344}{chapter.3}% 36
\BOOKMARK [1][-]{section.3.5}{\376\377\0003\000.\0005\000\040\137\353\220\037\117\356\145\071\136\166\142\147\210\114\116\012\116\000\147\141\124\175\116\344}{chapter.3}% 37
\BOOKMARK [2][-]{subsection.3.5.1}{\376\377\0003\000.\0005\000.\0001\000\040\122\040\143\211\131\032\117\131\121\205\133\271}{section.3.5}% 38
\BOOKMARK [2][-]{subsection.3.5.2}{\376\377\0003\000.\0005\000.\0002\000\040\146\377\143\142\121\205\133\271}{section.3.5}% 39
\BOOKMARK [2][-]{subsection.3.5.3}{\376\377\0003\000.\0005\000.\0003\000\040\121\150\134\100\146\377\143\142}{section.3.5}% 40
\BOOKMARK [1][-]{section.3.6}{\376\377\0003\000.\0006\000\040\137\353\220\037\142\147\210\114\123\206\123\362\124\175\116\344}{chapter.3}% 41
\BOOKMARK [2][-]{subsection.3.6.1}{\376\377\0003\000.\0006\000.\0001\000\040\221\315\131\015\142\147\210\114\116\012\116\000\147\141\124\175\116\344}{section.3.6}% 42
\BOOKMARK [2][-]{subsection.3.6.2}{\376\377\0003\000.\0006\000.\0002\000\040\142\147\210\114\116\345\147\320\116\233\133\127\173\046\142\123\131\064\166\204\124\175\116\344}{section.3.6}% 43
\BOOKMARK [2][-]{subsection.3.6.3}{\376\377\0003\000.\0006\000.\0003\000\040\142\147\210\114\123\206\123\362\122\027\210\150\116\055\173\054\000\040\000n\000\040\116\052\124\175\116\344}{section.3.6}% 44
\BOOKMARK [1][-]{section.3.7}{\376\377\0003\000.\0007\000\040\137\353\220\037\137\025\165\050\116\012\116\000\147\141\124\175\116\344\166\204\123\302\145\160}{chapter.3}% 45
\BOOKMARK [2][-]{subsection.3.7.1}{\376\377\0003\000.\0007\000.\0001\000\040\137\025\165\050\147\000\124\016\116\000\117\115\123\302\145\160}{section.3.7}% 46
\BOOKMARK [2][-]{subsection.3.7.2}{\376\377\0003\000.\0007\000.\0002\000\040\137\025\165\050\147\000\137\000\131\064\166\204\123\302\145\160}{section.3.7}% 47
\BOOKMARK [2][-]{subsection.3.7.3}{\376\377\0003\000.\0007\000.\0003\000\040\137\025\165\050\142\100\147\011\123\302\145\160}{section.3.7}% 48
\BOOKMARK [2][-]{subsection.3.7.4}{\376\377\0003\000.\0007\000.\0004\000\040\137\025\165\050\173\054\000\040\000n\000\040\116\052\123\302\145\160}{section.3.7}% 49
\BOOKMARK [2][-]{subsection.3.7.5}{\376\377\0003\000.\0007\000.\0005\000\040\137\025\165\050\116\316\000\040\000m\000\040\122\060\000\040\000n\000\040\166\204\123\302\145\160}{section.3.7}% 50
\BOOKMARK [2][-]{subsection.3.7.6}{\376\377\0003\000.\0007\000.\0006\000\040\137\025\165\050\116\316\000\040\000n\000\040\122\060\147\000\124\016\166\204\123\302\145\160}{section.3.7}% 51
\BOOKMARK [1][-]{section.3.8}{\376\377\0003\000.\0008\000\040\137\353\220\037\137\025\165\050\123\302\145\160\166\204\220\350\122\006\121\205\133\271}{chapter.3}% 52
\BOOKMARK [2][-]{subsection.3.8.1}{\376\377\0003\000.\0008\000.\0001\000\040\137\025\165\050\215\357\137\204\137\000\131\064}{section.3.8}% 53
\BOOKMARK [2][-]{subsection.3.8.2}{\376\377\0003\000.\0008\000.\0002\000\040\137\025\165\050\215\357\137\204\176\323\134\076}{section.3.8}% 54
\BOOKMARK [2][-]{subsection.3.8.3}{\376\377\0003\000.\0008\000.\0003\000\040\137\025\165\050\145\207\116\366\124\015}{section.3.8}% 55
\BOOKMARK [2][-]{subsection.3.8.4}{\376\377\0003\000.\0008\000.\0004\000\040\134\006\137\025\165\050\220\350\122\006\146\364\145\071\116\072\131\047\121\231}{section.3.8}% 56
\BOOKMARK [2][-]{subsection.3.8.5}{\376\377\0003\000.\0008\000.\0005\000\040\134\006\137\025\165\050\220\350\122\006\146\364\145\071\116\072\134\017\121\231}{section.3.8}% 57
\BOOKMARK [1][-]{section.3.9}{\376\377\0003\000.\0009\000\040\123\206\123\362\124\175\116\344\134\125\137\000\152\041\137\017\140\073\176\323}{chapter.3}% 58
\BOOKMARK [0][-]{chapter.4}{\376\377\173\054\126\333\172\340\000\040\000\040\177\026\217\221\131\047\154\325}{}% 59
\BOOKMARK [1][-]{section.4.1}{\376\377\0004\000.\0001\000\040\213\276\177\156\177\026\217\221\152\041\137\017}{chapter.4}% 60
\BOOKMARK [1][-]{section.4.2}{\376\377\0004\000.\0002\000\040\000E\000m\000a\000c\000s\000\040\177\026\217\221\152\041\137\017\133\236\142\030}{chapter.4}% 61
\BOOKMARK [2][-]{subsection.4.2.1}{\376\377\0004\000.\0002\000.\0001\000\040\143\011\133\127\171\373\122\250\124\214\122\040\226\144}{section.4.2}% 62
\BOOKMARK [2][-]{subsection.4.2.2}{\376\377\0004\000.\0002\000.\0002\000\040\143\011\000`\000`\213\315\000'\000'\171\373\122\250\124\214\122\040\226\144}{section.4.2}% 63
\BOOKMARK [2][-]{subsection.4.2.3}{\376\377\0004\000.\0002\000.\0003\000\040\143\011\210\114\171\373\122\250\124\214\122\040\226\144}{section.4.2}% 64
\BOOKMARK [2][-]{subsection.4.2.4}{\376\377\0004\000.\0002\000.\0004\000\040\000E\000m\000a\000c\000s\000\040\177\026\217\221\152\041\137\017\140\073\176\323}{section.4.2}% 65
\BOOKMARK [1][-]{section.4.3}{\376\377\0004\000.\0003\000\040\000v\000i\000\040\177\026\217\221\152\041\137\017\133\236\142\030}{chapter.4}% 66
\BOOKMARK [2][-]{subsection.4.3.1}{\376\377\0004\000.\0003\000.\0001\000\040\171\373\122\250\124\175\116\344}{section.4.3}% 67
\BOOKMARK [2][-]{subsection.4.3.2}{\376\377\0004\000.\0003\000.\0002\000\040\221\315\131\015\124\175\116\344}{section.4.3}% 68
\BOOKMARK [2][-]{subsection.4.3.3}{\376\377\0004\000.\0003\000.\0003\000\040\155\373\122\240\145\207\147\054}{section.4.3}% 69
\BOOKMARK [2][-]{subsection.4.3.4}{\376\377\0004\000.\0003\000.\0004\000\040\122\040\226\144\145\207\147\054}{section.4.3}% 70
\BOOKMARK [2][-]{subsection.4.3.5}{\376\377\0004\000.\0003\000.\0005\000\040\146\377\143\142\145\207\147\054}{section.4.3}% 71
\BOOKMARK [2][-]{subsection.4.3.6}{\376\377\0004\000.\0003\000.\0006\000\040\144\034\175\042\133\127\173\046}{section.4.3}% 72
\BOOKMARK [2][-]{subsection.4.3.7}{\376\377\0004\000.\0003\000.\0007\000\040\000v\000i\000\040\177\026\217\221\152\041\137\017\140\073\176\323}{section.4.3}% 73
\BOOKMARK [0][-]{chapter.5}{\376\377\173\054\116\224\172\340\000\040\000\040\137\305\131\007\225\046\126\312}{}% 74
\BOOKMARK [1][-]{section.5.1}{\376\377\0005\000.\0001\000\040\137\353\220\037\133\374\202\052}{chapter.5}% 75
\BOOKMARK [2][-]{subsection.5.1.1}{\376\377\0005\000.\0001\000.\0001\000\040\126\336\122\060\165\050\142\067\116\073\166\356\137\125}{section.5.1}% 76
\BOOKMARK [2][-]{subsection.5.1.2}{\376\377\0005\000.\0001\000.\0002\000\040\126\336\122\060\116\012\153\041\135\345\117\134\166\204\166\356\137\125}{section.5.1}% 77
\BOOKMARK [2][-]{subsection.5.1.3}{\376\377\0005\000.\0001\000.\0003\000\040\213\277\225\356\136\070\165\050\166\356\137\125}{section.5.1}% 78
\BOOKMARK [2][-]{subsection.5.1.4}{\376\377\0005\000.\0001\000.\0004\000\040\201\352\122\250\176\240\153\143\225\031\213\357}{section.5.1}% 79
\BOOKMARK [2][-]{subsection.5.1.5}{\376\377\0005\000.\0001\000.\0005\000\040\201\352\122\250\133\374\202\052}{section.5.1}% 80
\BOOKMARK [2][-]{subsection.5.1.6}{\376\377\0005\000.\0001\000.\0006\000\040\117\177\165\050\166\356\137\125\150\010}{section.5.1}% 81
\BOOKMARK [1][-]{section.5.2}{\376\377\0005\000.\0002\000\040\117\177\165\050\122\053\124\015}{chapter.5}% 82
\BOOKMARK [2][-]{subsection.5.2.1}{\376\377\0005\000.\0002\000.\0001\000\040\133\232\116\111\122\053\124\015}{section.5.2}% 83
\BOOKMARK [2][-]{subsection.5.2.2}{\376\377\0005\000.\0002\000.\0002\000\040\147\345\167\013\122\053\124\015}{section.5.2}% 84
\BOOKMARK [2][-]{subsection.5.2.3}{\376\377\0005\000.\0002\000.\0003\000\040\123\326\155\210\122\053\124\015}{section.5.2}% 85
\BOOKMARK [2][-]{subsection.5.2.4}{\376\377\0005\000.\0002\000.\0004\000\040\122\053\124\015\166\204\177\072\141\276}{section.5.2}% 86
\BOOKMARK [1][-]{section.5.3}{\376\377\0005\000.\0003\000\040\122\051\165\050\000\040\000\173\000\175\000\040\147\204\220\040\123\302\145\160}{chapter.5}% 87
\BOOKMARK [2][-]{subsection.5.3.1}{\376\377\0005\000.\0003\000.\0001\000\040\131\007\116\375\145\207\116\366}{section.5.3}% 88
\BOOKMARK [2][-]{subsection.5.3.2}{\376\377\0005\000.\0003\000.\0002\000\040\165\037\142\020\136\217\122\027}{section.5.3}% 89
\BOOKMARK [2][-]{subsection.5.3.3}{\376\377\0005\000.\0003\000.\0003\000\040\217\336\165\050\116\016\135\114\131\127}{section.5.3}% 90
\BOOKMARK [1][-]{section.5.4}{\376\377\0005\000.\0004\000\040\121\166\133\203\131\231\142\333}{chapter.5}% 91
\BOOKMARK [2][-]{subsection.5.4.1}{\376\377\0005\000.\0004\000.\0001\000\040\124\175\116\344\146\377\143\142}{section.5.4}% 92
\BOOKMARK [2][-]{subsection.5.4.2}{\376\377\0005\000.\0004\000.\0002\000\040\117\177\165\050\123\330\221\317}{section.5.4}% 93
\BOOKMARK [2][-]{subsection.5.4.3}{\376\377\0005\000.\0004\000.\0003\000\040\221\315\131\015\142\147\210\114\124\175\116\344}{section.5.4}% 94
\BOOKMARK [0][-]{chapter.6}{\376\377\173\054\121\155\172\340\000\040\000\040\124\150\217\271\131\175\124\301}{}% 95
\BOOKMARK [1][-]{section.6.1}{\376\377\0006\000.\0001\000\040\221\115\177\156\150\106\147\266}{chapter.6}% 96
\BOOKMARK [2][-]{subsection.6.1.1}{\376\377\0006\000.\0001\000.\0001\000\040\000b\000a\000s\000h\000\040\221\115\177\156\150\106\147\266}{section.6.1}% 97
\BOOKMARK [2][-]{subsection.6.1.2}{\376\377\0006\000.\0001\000.\0002\000\040\000z\000s\000h\000\040\221\115\177\156\150\106\147\266}{section.6.1}% 98
\BOOKMARK [1][-]{section.6.2}{\376\377\0006\000.\0002\000\040\130\236\137\072\135\345\121\167}{chapter.6}% 99
\BOOKMARK [2][-]{subsection.6.2.1}{\376\377\0006\000.\0002\000.\0001\000\040\137\353\220\037\215\357\137\204\122\007\143\142\377\032\000z\000.\000l\000u\000a}{section.6.2}% 100
\BOOKMARK [2][-]{subsection.6.2.2}{\376\377\0006\000.\0002\000.\0002\000\040\232\330\145\110\147\345\213\342\000\040\000S\000h\000e\000l\000l\000\040\123\206\123\362\377\032\000H\000S\000T\000R}{section.6.2}% 101
\BOOKMARK [0][-]{chapter.7}{\376\377\173\054\116\003\172\340\000\040\000\040\176\323\213\355}{}% 102
